Added Component: Designator=C1(0805C)
Added Component: Designator=C2(0805C)
Added Component: Designator=C3(0805C)
Added Component: Designator=C4(0805C)
Added Component: Designator=C5(0805C)
Added Component: Designator=C6(0805C)
Added Component: Designator=C7(0805C)
Added Component: Designator=C8(0805C)
Added Component: Designator=C9(0805C)
Added Component: Designator=C10(0805C)
Added Component: Designator=C11(0805C)
Added Component: Designator=C12(0805C)
Added Component: Designator=C13(0805C)
Added Component: Designator=C14(0805C)
Added Component: Designator=C15(0805C)
Added Component: Designator=C16(0805C)
Added Component: Designator=C17(0805C)
Added Component: Designator=C18(0805C)
Added Component: Designator=D1(LED-0805)
Added Component: Designator=J2(USB_MINIB_SMT)
Added Component: Designator=L1(0402-A)
Added Component: Designator=L2(0402-A)
Added Component: Designator=L3(0402-A)
Added Component: Designator=Q1(SOT-23)
Added Component: Designator=R1(0805R)
Added Component: Designator=R2(0805R)
Added Component: Designator=R3(0805R)
Added Component: Designator=R4(0805R)
Added Component: Designator=R5(0805R)
Added Component: Designator=R6(0805R)
Added Component: Designator=R7(0805R)
Added Component: Designator=R8(0805R)
Added Component: Designator=R9(0805R)
Added Component: Designator=R10(0805R)
Added Component: Designator=R11(0805R)
Added Component: Designator=R12(0805R)
Added Component: Designator=S1(SPST-2)
Added Component: Designator=U1(QFN-88)
Added Component: Designator=U2(SOT-23-5)
Added Component: Designator=U3(SOT-23-5)
Added Component: Designator=U4(SOT-23-5)
Added Component: Designator=U5(SOP-8)
Added Pin To Net: NetName=+1V1 Pin=C7-2
Added Pin To Net: NetName=+1V1 Pin=C8-1
Added Pin To Net: NetName=+1V1 Pin=C10-1
Added Pin To Net: NetName=+1V1 Pin=C12-1
Added Pin To Net: NetName=+1V1 Pin=L3-2
Added Pin To Net: NetName=+1V1 Pin=R6-1
Added Pin To Net: NetName=+1V1 Pin=U1-22
Added Pin To Net: NetName=+1V1 Pin=U1-35
Added Pin To Net: NetName=+1V1 Pin=U1-71
Added Net: Name=+1V1
Added Pin To Net: NetName=+2V5 Pin=C6-2
Added Pin To Net: NetName=+2V5 Pin=C15-1
Added Pin To Net: NetName=+2V5 Pin=C17-1
Added Pin To Net: NetName=+2V5 Pin=C18-1
Added Pin To Net: NetName=+2V5 Pin=L2-2
Added Pin To Net: NetName=+2V5 Pin=R4-1
Added Pin To Net: NetName=+2V5 Pin=R10-2
Added Pin To Net: NetName=+2V5 Pin=U1-30
Added Pin To Net: NetName=+2V5 Pin=U1-31
Added Pin To Net: NetName=+2V5 Pin=U1-32
Added Pin To Net: NetName=+2V5 Pin=U1-34
Added Pin To Net: NetName=+2V5 Pin=U1-36
Added Pin To Net: NetName=+2V5 Pin=U1-80
Added Net: Name=+2V5
Added Pin To Net: NetName=+3V3 Pin=C5-2
Added Pin To Net: NetName=+3V3 Pin=C9-1
Added Pin To Net: NetName=+3V3 Pin=C11-1
Added Pin To Net: NetName=+3V3 Pin=C13-1
Added Pin To Net: NetName=+3V3 Pin=C14-1
Added Pin To Net: NetName=+3V3 Pin=C16-1
Added Pin To Net: NetName=+3V3 Pin=D1-1
Added Pin To Net: NetName=+3V3 Pin=L1-2
Added Pin To Net: NetName=+3V3 Pin=R1-1
Added Pin To Net: NetName=+3V3 Pin=R2-1
Added Pin To Net: NetName=+3V3 Pin=R9-2
Added Pin To Net: NetName=+3V3 Pin=R12-1
Added Pin To Net: NetName=+3V3 Pin=U1-4
Added Pin To Net: NetName=+3V3 Pin=U1-5
Added Pin To Net: NetName=+3V3 Pin=U1-20
Added Pin To Net: NetName=+3V3 Pin=U1-50
Added Pin To Net: NetName=+3V3 Pin=U1-67
Added Pin To Net: NetName=+3V3 Pin=U1-73
Added Pin To Net: NetName=+3V3 Pin=U5-3
Added Pin To Net: NetName=+3V3 Pin=U5-7
Added Pin To Net: NetName=+3V3 Pin=U5-8
Added Net: Name=+3V3
Added Pin To Net: NetName=FUSE_PWR Pin=C3-2
Added Pin To Net: NetName=FUSE_PWR Pin=C4-2
Added Pin To Net: NetName=FUSE_PWR Pin=U2-1
Added Pin To Net: NetName=FUSE_PWR Pin=U2-4
Added Pin To Net: NetName=FUSE_PWR Pin=U3-1
Added Pin To Net: NetName=FUSE_PWR Pin=U3-4
Added Pin To Net: NetName=FUSE_PWR Pin=U4-1
Added Pin To Net: NetName=FUSE_PWR Pin=U4-4
Added Net: Name=FUSE_PWR
Added Pin To Net: NetName=GND Pin=C1-2
Added Pin To Net: NetName=GND Pin=C2-2
Added Pin To Net: NetName=GND Pin=C3-1
Added Pin To Net: NetName=GND Pin=C4-1
Added Pin To Net: NetName=GND Pin=C5-1
Added Pin To Net: NetName=GND Pin=C6-1
Added Pin To Net: NetName=GND Pin=C7-1
Added Pin To Net: NetName=GND Pin=C8-2
Added Pin To Net: NetName=GND Pin=C9-2
Added Pin To Net: NetName=GND Pin=C10-2
Added Pin To Net: NetName=GND Pin=C11-2
Added Pin To Net: NetName=GND Pin=C12-2
Added Pin To Net: NetName=GND Pin=C13-2
Added Pin To Net: NetName=GND Pin=C14-2
Added Pin To Net: NetName=GND Pin=C15-2
Added Pin To Net: NetName=GND Pin=C16-2
Added Pin To Net: NetName=GND Pin=C17-2
Added Pin To Net: NetName=GND Pin=C18-2
Added Pin To Net: NetName=GND Pin=J2-4
Added Pin To Net: NetName=GND Pin=J2-5
Added Pin To Net: NetName=GND Pin=J2-6
Added Pin To Net: NetName=GND Pin=Q1-2
Added Pin To Net: NetName=GND Pin=R3-1
Added Pin To Net: NetName=GND Pin=R5-1
Added Pin To Net: NetName=GND Pin=R7-1
Added Pin To Net: NetName=GND Pin=R11-2
Added Pin To Net: NetName=GND Pin=S1-1
Added Pin To Net: NetName=GND Pin=U1-2
Added Pin To Net: NetName=GND Pin=U1-63
Added Pin To Net: NetName=GND Pin=U1-64
Added Pin To Net: NetName=GND Pin=U1-65
Added Pin To Net: NetName=GND Pin=U1-66
Added Pin To Net: NetName=GND Pin=U1-74
Added Pin To Net: NetName=GND Pin=U1-82
Added Pin To Net: NetName=GND Pin=U1-84
Added Pin To Net: NetName=GND Pin=U1-85
Added Pin To Net: NetName=GND Pin=U1-86
Added Pin To Net: NetName=GND Pin=U1-87
Added Pin To Net: NetName=GND Pin=U1-89
Added Pin To Net: NetName=GND Pin=U2-2
Added Pin To Net: NetName=GND Pin=U3-2
Added Pin To Net: NetName=GND Pin=U4-2
Added Pin To Net: NetName=GND Pin=U5-4
Added Net: Name=GND
Added Pin To Net: NetName=JTAG_TCK Pin=U1-53
Added Net: Name=JTAG_TCK
Added Pin To Net: NetName=JTAG_TDI Pin=U1-57
Added Net: Name=JTAG_TDI
Added Pin To Net: NetName=JTAG_TDO Pin=U1-55
Added Net: Name=JTAG_TDO
Added Pin To Net: NetName=JTAG_TMS Pin=U1-58
Added Net: Name=JTAG_TMS
Added Pin To Net: NetName=NetC1_1 Pin=C1-1
Added Pin To Net: NetName=NetC1_1 Pin=U1-52
Added Net: Name=NetC1_1
Added Pin To Net: NetName=NetC2_1 Pin=C2-1
Added Pin To Net: NetName=NetC2_1 Pin=U1-51
Added Net: Name=NetC2_1
Added Pin To Net: NetName=NetD1_2 Pin=D1-2
Added Pin To Net: NetName=NetD1_2 Pin=R8-2
Added Net: Name=NetD1_2
Added Pin To Net: NetName=NetL1_1 Pin=L1-1
Added Pin To Net: NetName=NetL1_1 Pin=U2-3
Added Net: Name=NetL1_1
Added Pin To Net: NetName=NetL2_1 Pin=L2-1
Added Pin To Net: NetName=NetL2_1 Pin=U3-3
Added Net: Name=NetL2_1
Added Pin To Net: NetName=NetL3_1 Pin=L3-1
Added Pin To Net: NetName=NetL3_1 Pin=U4-3
Added Net: Name=NetL3_1
Added Pin To Net: NetName=NetQ1_3 Pin=Q1-3
Added Pin To Net: NetName=NetQ1_3 Pin=R8-1
Added Net: Name=NetQ1_3
Added Pin To Net: NetName=NetR2_2 Pin=R2-2
Added Pin To Net: NetName=NetR2_2 Pin=R3-2
Added Pin To Net: NetName=NetR2_2 Pin=U2-5
Added Net: Name=NetR2_2
Added Pin To Net: NetName=NetR4_2 Pin=R4-2
Added Pin To Net: NetName=NetR4_2 Pin=R5-2
Added Pin To Net: NetName=NetR4_2 Pin=U3-5
Added Net: Name=NetR4_2
Added Pin To Net: NetName=NetR6_2 Pin=R6-2
Added Pin To Net: NetName=NetR6_2 Pin=R7-2
Added Pin To Net: NetName=NetR6_2 Pin=U4-5
Added Net: Name=NetR6_2
Added Pin To Net: NetName=NetR10_1 Pin=R10-1
Added Pin To Net: NetName=NetR10_1 Pin=R11-1
Added Pin To Net: NetName=NetR10_1 Pin=U1-33
Added Net: Name=NetR10_1
Added Pin To Net: NetName=R\E\S\E\T\ Pin=R1-2
Added Pin To Net: NetName=R\E\S\E\T\ Pin=S1-2
Added Pin To Net: NetName=R\E\S\E\T\ Pin=U1-70
Added Net: Name=R\E\S\E\T\
Added Pin To Net: NetName=SCL Pin=U1-38
Added Net: Name=SCL
Added Pin To Net: NetName=SDA Pin=U1-37
Added Net: Name=SDA
Added Pin To Net: NetName=SPI_CLK Pin=U1-59
Added Pin To Net: NetName=SPI_CLK Pin=U5-6
Added Net: Name=SPI_CLK
Added Pin To Net: NetName=SPI_CS Pin=R12-2
Added Pin To Net: NetName=SPI_CS Pin=U1-60
Added Pin To Net: NetName=SPI_CS Pin=U5-1
Added Net: Name=SPI_CS
Added Pin To Net: NetName=SPI_MISO Pin=U1-61
Added Pin To Net: NetName=SPI_MISO Pin=U5-2
Added Net: Name=SPI_MISO
Added Pin To Net: NetName=SPI_MOSI Pin=U1-62
Added Pin To Net: NetName=SPI_MOSI Pin=U5-5
Added Net: Name=SPI_MOSI
Added Pin To Net: NetName=STATUS Pin=Q1-1
Added Pin To Net: NetName=STATUS Pin=R9-1
Added Pin To Net: NetName=STATUS Pin=U1-13
Added Net: Name=STATUS
Added Pin To Net: NetName=UART_RX Pin=U1-49
Added Net: Name=UART_RX
Added Pin To Net: NetName=UART_TX Pin=U1-48
Added Net: Name=UART_TX
Added Pin To Net: NetName=USB_DM Pin=J2-2
Added Pin To Net: NetName=USB_DM Pin=U1-68
Added Net: Name=USB_DM
Added Pin To Net: NetName=USB_DP Pin=J2-3
Added Pin To Net: NetName=USB_DP Pin=U1-69
Added Net: Name=USB_DP
Added Pin To Net: NetName=USB_VBUS Pin=J2-1
Added Net: Name=USB_VBUS
Added Class: Name=Ê÷Ý®ÅÉF1C100S
